[2022-06-25 01:15:16,268: INFO: stage_01_data_preprocess]: 
********************
[2022-06-25 01:15:16,269: INFO: stage_01_data_preprocess]: >>>>> stage Prepare Data started <<<<<
[2022-06-25 01:15:16,274: INFO: common]: yaml file: configs/config.yaml loaded successfully
[2022-06-25 01:15:16,276: INFO: common]: yaml file: params.yaml loaded successfully
[2022-06-25 01:15:16,278: INFO: common]: created directory at: artifacts\prepared
[2022-06-25 01:15:22,619: INFO: stage_01_data_preprocess]: >>>>> stage Prepare Data completed!<<<<<

[2022-06-25 01:16:23,170: INFO: stage_01_data_preprocess]: 
********************
[2022-06-25 01:16:23,242: INFO: stage_01_data_preprocess]: >>>>> stage Prepare Data started <<<<<
[2022-06-25 01:16:23,247: INFO: common]: yaml file: configs/config.yaml loaded successfully
[2022-06-25 01:16:23,249: INFO: common]: yaml file: params.yaml loaded successfully
[2022-06-25 01:16:23,250: INFO: common]: created directory at: artifacts\prepared
[2022-06-25 01:16:29,428: INFO: stage_01_data_preprocess]: >>>>> stage Prepare Data completed!<<<<<

[2022-06-25 01:21:34,335: INFO: stage_01_data_preprocess]: 
********************
[2022-06-25 01:21:34,335: INFO: stage_01_data_preprocess]: >>>>> stage Prepare Data started <<<<<
[2022-06-25 01:21:34,341: INFO: common]: yaml file: configs/config.yaml loaded successfully
[2022-06-25 01:21:34,343: INFO: common]: yaml file: params.yaml loaded successfully
[2022-06-25 01:21:34,677: INFO: common]: created directory at: artifacts\prepared
[2022-06-25 01:21:41,897: INFO: stage_01_data_preprocess]: >>>>> stage Prepare Data completed!<<<<<

[2022-06-25 02:34:02,887: INFO: stage_01_data_preprocess]: 
********************
[2022-06-25 02:34:02,888: INFO: stage_01_data_preprocess]: >>>>> stage Prepare Data started <<<<<
[2022-06-25 02:34:02,894: INFO: common]: yaml file: configs/config.yaml loaded successfully
[2022-06-25 02:34:02,898: INFO: common]: yaml file: params.yaml loaded successfully
[2022-06-25 02:34:02,900: INFO: common]: created directory at: artifacts\prepared
[2022-06-25 02:34:20,209: INFO: stage_01_data_preprocess]: >>>>> stage Prepare Data completed!<<<<<

[2022-06-25 02:35:30,319: INFO: stage_02_featurization]: 
********************
[2022-06-25 02:35:30,319: INFO: stage_02_featurization]: >>>>> stage STAGE_NAME started <<<<<
[2022-06-25 02:35:30,326: INFO: common]: yaml file: configs/config.yaml loaded successfully
[2022-06-25 02:35:30,333: INFO: common]: yaml file: params.yaml loaded successfully
[2022-06-25 02:35:30,334: INFO: common]: created directory at: artifacts\features
[2022-06-25 02:35:31,350: INFO: common]: The input data frame artifacts\prepared\train.tsv of size (17536, 3) is read
[2022-06-25 02:36:09,413: INFO: data_mgmt]: The output matrix saved at artifacts\features\train.pkl of shape: (17536, 2502)
[2022-06-25 02:36:09,977: INFO: common]: The input data frame artifacts\prepared\test.tsv of size (7464, 3) is read
[2022-06-25 02:36:19,047: INFO: data_mgmt]: The output matrix saved at artifacts\features\test.pkl of shape: (7464, 2502)
[2022-06-25 02:36:19,571: INFO: stage_02_featurization]: >>>>> stage STAGE_NAME completed!<<<<<

[2022-06-25 19:00:14,598: INFO: stage_02_featurization]: 
********************
[2022-06-25 19:00:14,599: INFO: stage_02_featurization]: >>>>> stage STAGE_NAME started <<<<<
[2022-06-25 19:00:14,609: INFO: common]: yaml file: configs/config.yaml loaded successfully
[2022-06-25 19:00:14,615: INFO: common]: yaml file: params.yaml loaded successfully
[2022-06-25 19:00:14,616: INFO: common]: created directory at: artifacts\features
[2022-06-25 19:00:15,750: INFO: common]: The input data frame artifacts\prepared\train.tsv of size (17536, 3) is read
[2022-06-25 19:00:19,490: ERROR: stage_02_featurization]: Unable to allocate 1.85 GiB for an array with shape (17536,) and data type <U28297
Traceback (most recent call last):
  File "src/stage_02_featurization.py", line 75, in <module>
    main(config_path=parsed_args.config, params_path=parsed_args.params)
  File "src/stage_02_featurization.py", line 44, in main
    train_words = np.array(df_train.text.str.lower().values.astype('U'))
numpy.core._exceptions._ArrayMemoryError: Unable to allocate 1.85 GiB for an array with shape (17536,) and data type <U28297
[2022-06-25 19:03:42,584: INFO: stage_02_featurization]: 
********************
[2022-06-25 19:03:42,584: INFO: stage_02_featurization]: >>>>> stage STAGE_NAME started <<<<<
[2022-06-25 19:03:42,605: INFO: common]: yaml file: configs/config.yaml loaded successfully
[2022-06-25 19:03:42,609: INFO: common]: yaml file: params.yaml loaded successfully
[2022-06-25 19:03:42,609: INFO: common]: created directory at: artifacts\features
[2022-06-25 19:03:43,268: INFO: common]: The input data frame artifacts\prepared\train.tsv of size (17536, 3) is read
[2022-06-25 19:04:19,533: INFO: data_mgmt]: The output matrix saved at artifacts\features\train.pkl of shape: (17536, 2502)
[2022-06-25 19:04:20,673: INFO: common]: The input data frame artifacts\prepared\test.tsv of size (7464, 3) is read
[2022-06-25 19:04:33,802: INFO: data_mgmt]: The output matrix saved at artifacts\features\test.pkl of shape: (7464, 2502)
[2022-06-25 19:04:35,204: INFO: stage_02_featurization]: >>>>> stage STAGE_NAME completed!<<<<<

[2022-06-25 19:05:51,670: INFO: stage_03_train]: 
********************
[2022-06-25 19:05:51,670: INFO: stage_03_train]: >>>>> stage STAGE_NAME started <<<<<
[2022-06-25 19:05:51,685: INFO: common]: yaml file: configs/config.yaml loaded successfully
[2022-06-25 19:05:51,689: INFO: common]: yaml file: params.yaml loaded successfully
[2022-06-25 19:05:51,696: INFO: common]: created directory at: artifacts\model
[2022-06-25 19:05:51,881: INFO: stage_03_train]: Input matrix size:(17536, 2502)
[2022-06-25 19:05:51,881: INFO: stage_03_train]:  X matrix size:(17536, 2500)
[2022-06-25 19:05:51,881: INFO: stage_03_train]:  Y matrix size:(17536,)
[2022-06-25 19:06:04,328: INFO: stage_03_train]: Saved model:artifacts\model\model.pkl
[2022-06-25 19:06:04,338: INFO: stage_03_train]: >>>>> stage STAGE_NAME completed!<<<<<

[2022-06-25 20:20:12,106: INFO: stage_01_data_preprocess]: 
********************
[2022-06-25 20:20:12,106: INFO: stage_01_data_preprocess]: >>>>> stage Prepare Data started <<<<<
[2022-06-25 20:20:12,124: INFO: common]: yaml file: configs/config.yaml loaded successfully
[2022-06-25 20:20:12,132: INFO: common]: yaml file: params.yaml loaded successfully
[2022-06-25 20:20:12,137: INFO: common]: created directory at: artifacts\prepared
[2022-06-25 20:20:31,786: INFO: stage_01_data_preprocess]: >>>>> stage Prepare Data completed!<<<<<

[2022-06-25 20:20:41,860: INFO: stage_02_featurization]: 
********************
[2022-06-25 20:20:41,860: INFO: stage_02_featurization]: >>>>> stage STAGE_NAME started <<<<<
[2022-06-25 20:20:41,868: INFO: common]: yaml file: configs/config.yaml loaded successfully
[2022-06-25 20:20:41,873: INFO: common]: yaml file: params.yaml loaded successfully
[2022-06-25 20:20:41,875: INFO: common]: created directory at: artifacts\features
[2022-06-25 20:20:42,756: INFO: common]: The input data frame artifacts\prepared\train.tsv of size (17536, 3) is read
[2022-06-25 20:21:29,720: INFO: data_mgmt]: The output matrix saved at artifacts\features\train.pkl of shape: (17536, 2502)
[2022-06-25 20:21:30,894: INFO: common]: The input data frame artifacts\prepared\test.tsv of size (7464, 3) is read
[2022-06-25 20:21:42,252: INFO: data_mgmt]: The output matrix saved at artifacts\features\test.pkl of shape: (7464, 2502)
[2022-06-25 20:21:44,004: INFO: stage_02_featurization]: >>>>> stage STAGE_NAME completed!<<<<<

[2022-06-25 20:23:01,104: INFO: stage_03_train]: 
********************
[2022-06-25 20:23:01,105: INFO: stage_03_train]: >>>>> stage STAGE_NAME started <<<<<
[2022-06-25 20:23:01,128: INFO: common]: yaml file: configs/config.yaml loaded successfully
[2022-06-25 20:23:01,131: INFO: common]: yaml file: params.yaml loaded successfully
[2022-06-25 20:23:01,132: INFO: common]: created directory at: artifacts\model
[2022-06-25 20:23:01,341: INFO: stage_03_train]: Input matrix size:(17536, 2502)
[2022-06-25 20:23:01,342: INFO: stage_03_train]:  X matrix size:(17536, 2500)
[2022-06-25 20:23:01,342: INFO: stage_03_train]:  Y matrix size:(17536,)
[2022-06-25 20:23:08,369: INFO: stage_03_train]: Saved model:artifacts\model\model.pkl
[2022-06-25 20:23:08,377: INFO: stage_03_train]: >>>>> stage STAGE_NAME completed!<<<<<

[2022-06-26 01:20:05,993: INFO: stage_04_evaluate]: 
********************
[2022-06-26 01:20:05,994: INFO: stage_04_evaluate]: >>>>> stage Evaluation started <<<<<
[2022-06-26 01:20:05,998: INFO: common]: yaml file: configs/config.yaml loaded successfully
[2022-06-26 01:20:06,001: INFO: common]: yaml file: params.yaml loaded successfully
[2022-06-26 01:20:12,994: ERROR: stage_04_evaluate]: No module named 'scipy.sparse._csr'
Traceback (most recent call last):
  File "F:\ineuron\NLP\nlp-project-dvc-docs\src\stage_04_evaluate.py", line 67, in <module>
    main(config_path=parsed_args.config, params_path=parsed_args.params)
  File "F:\ineuron\NLP\nlp-project-dvc-docs\src\stage_04_evaluate.py", line 37, in main
    matrix = joblib.load(featurized_test_data_path)
  File "C:\ProgramData\Anaconda3\lib\site-packages\joblib\numpy_pickle.py", line 585, in load
    obj = _unpickle(fobj, filename, mmap_mode)
  File "C:\ProgramData\Anaconda3\lib\site-packages\joblib\numpy_pickle.py", line 504, in _unpickle
    obj = unpickler.load()
  File "C:\ProgramData\Anaconda3\lib\pickle.py", line 1212, in load
    dispatch[key[0]](self)
  File "C:\ProgramData\Anaconda3\lib\pickle.py", line 1537, in load_stack_global
    self.append(self.find_class(module, name))
  File "C:\ProgramData\Anaconda3\lib\pickle.py", line 1579, in find_class
    __import__(module, level=0)
ModuleNotFoundError: No module named 'scipy.sparse._csr'
[2022-06-26 01:21:19,723: INFO: stage_04_evaluate]: 
********************
[2022-06-26 01:21:19,723: INFO: stage_04_evaluate]: >>>>> stage Evaluation started <<<<<
[2022-06-26 01:21:19,729: INFO: common]: yaml file: configs/config.yaml loaded successfully
[2022-06-26 01:21:19,733: INFO: common]: yaml file: params.yaml loaded successfully
[2022-06-26 01:21:21,436: INFO: common]: json file saved at: scores.json
[2022-06-26 01:21:21,441: INFO: stage_04_evaluate]: >>>>> stage Evaluation completed!<<<<<

[2022-06-26 01:41:19,725: INFO: stage_04_evaluate]: 
********************
[2022-06-26 01:41:19,725: INFO: stage_04_evaluate]: >>>>> stage Evaluation started <<<<<
[2022-06-26 01:41:19,731: INFO: common]: yaml file: configs/config.yaml loaded successfully
[2022-06-26 01:41:19,737: INFO: common]: yaml file: params.yaml loaded successfully
[2022-06-26 01:41:23,246: INFO: common]: json file saved at: scores.json
[2022-06-26 01:41:23,255: INFO: common]: json file saved at: prc.json
[2022-06-26 01:41:23,258: ERROR: stage_04_evaluate]: name 'roc_path' is not defined
Traceback (most recent call last):
  File "src/stage_04_evaluate.py", line 87, in <module>
    main(config_path=parsed_args.config, params_path=parsed_args.params)
  File "src/stage_04_evaluate.py", line 76, in main
    save_json(ROC_json_path,roc_path)
NameError: name 'roc_path' is not defined
[2022-06-26 01:47:11,440: INFO: stage_02_featurization]: 
********************
[2022-06-26 01:47:11,441: INFO: stage_02_featurization]: >>>>> stage Featurization started <<<<<
[2022-06-26 01:47:11,447: INFO: common]: yaml file: configs/config.yaml loaded successfully
[2022-06-26 01:47:11,450: INFO: common]: yaml file: params.yaml loaded successfully
[2022-06-26 01:47:11,452: INFO: common]: created directory at: artifacts\features
[2022-06-26 01:47:12,099: INFO: common]: The input data frame artifacts\prepared\train.tsv of size (17536, 3) is read
[2022-06-26 01:49:00,280: INFO: data_mgmt]: The output matrix saved at artifacts\features\train.pkl of shape: (17536, 2502)
[2022-06-26 01:49:04,125: INFO: common]: The input data frame artifacts\prepared\test.tsv of size (7464, 3) is read
[2022-06-26 01:49:21,527: INFO: data_mgmt]: The output matrix saved at artifacts\features\test.pkl of shape: (7464, 2502)
[2022-06-26 01:49:23,987: INFO: stage_02_featurization]: >>>>> stage Featurization completed!<<<<<

[2022-06-26 01:50:39,213: INFO: stage_03_train]: 
********************
[2022-06-26 01:50:39,214: INFO: stage_03_train]: >>>>> stage Training started <<<<<
[2022-06-26 01:50:39,228: INFO: common]: yaml file: configs/config.yaml loaded successfully
[2022-06-26 01:50:39,234: INFO: common]: yaml file: params.yaml loaded successfully
[2022-06-26 01:50:39,235: INFO: common]: created directory at: artifacts\model
[2022-06-26 01:50:39,302: INFO: stage_03_train]: Input matrix size:(17536, 2502)
[2022-06-26 01:50:39,303: INFO: stage_03_train]:  X matrix size:(17536, 2500)
[2022-06-26 01:50:39,303: INFO: stage_03_train]:  Y matrix size:(17536,)
[2022-06-26 01:51:07,777: INFO: stage_03_train]: Saved model:artifacts\model\model.pkl
[2022-06-26 01:51:07,793: INFO: stage_03_train]: >>>>> stage Training completed!<<<<<

[2022-06-26 01:52:01,323: INFO: stage_04_evaluate]: 
********************
[2022-06-26 01:52:01,324: INFO: stage_04_evaluate]: >>>>> stage Evaluation started <<<<<
[2022-06-26 01:52:01,346: INFO: common]: yaml file: configs/config.yaml loaded successfully
[2022-06-26 01:52:01,362: INFO: common]: yaml file: params.yaml loaded successfully
[2022-06-26 01:52:03,245: INFO: common]: json file saved at: scores.json
[2022-06-26 01:52:03,250: INFO: common]: json file saved at: prc.json
[2022-06-26 01:52:03,258: INFO: common]: json file saved at: roc.json
[2022-06-26 01:52:03,264: INFO: stage_04_evaluate]: >>>>> stage Evaluation completed!<<<<<

